0 info it worked if it ends with ok
1 verbose cli [ '/home/aryzing/.nvm/versions/node/v7.0.0/bin/node',
1 verbose cli   '/home/aryzing/.nvm/versions/node/v7.0.0/bin/npm',
1 verbose cli   'run',
1 verbose cli   'webpack-watch' ]
2 info using npm@3.10.8
3 info using node@v7.0.0
4 verbose stack Error: missing script: webpack-watch
4 verbose stack     at run (/home/aryzing/.nvm/versions/node/v7.0.0/lib/node_modules/npm/lib/run-script.js:151:19)
4 verbose stack     at /home/aryzing/.nvm/versions/node/v7.0.0/lib/node_modules/npm/lib/run-script.js:61:5
4 verbose stack     at /home/aryzing/.nvm/versions/node/v7.0.0/lib/node_modules/npm/node_modules/read-package-json/read-json.js:356:5
4 verbose stack     at checkBinReferences_ (/home/aryzing/.nvm/versions/node/v7.0.0/lib/node_modules/npm/node_modules/read-package-json/read-json.js:320:45)
4 verbose stack     at final (/home/aryzing/.nvm/versions/node/v7.0.0/lib/node_modules/npm/node_modules/read-package-json/read-json.js:354:3)
4 verbose stack     at then (/home/aryzing/.nvm/versions/node/v7.0.0/lib/node_modules/npm/node_modules/read-package-json/read-json.js:124:5)
4 verbose stack     at ReadFileContext.<anonymous> (/home/aryzing/.nvm/versions/node/v7.0.0/lib/node_modules/npm/node_modules/read-package-json/read-json.js:308:29)
4 verbose stack     at ReadFileContext.callback (/home/aryzing/.nvm/versions/node/v7.0.0/lib/node_modules/npm/node_modules/graceful-fs/graceful-fs.js:78:16)
4 verbose stack     at FSReqWrap.readFileAfterOpen [as oncomplete] (fs.js:335:13)
5 verbose cwd /home/aryzing/workspace/gswdates
6 error Linux 4.4.0-57-generic
7 error argv "/home/aryzing/.nvm/versions/node/v7.0.0/bin/node" "/home/aryzing/.nvm/versions/node/v7.0.0/bin/npm" "run" "webpack-watch"
8 error node v7.0.0
9 error npm  v3.10.8
10 error missing script: webpack-watch
11 error If you need help, you may report this error at:
11 error     <https://github.com/npm/npm/issues>
12 verbose exit [ 1, true ]
